Qflow migration logfile created on Wed 09 Apr 2025 11:27:22 PM PDT
magic -dnull -noconsole  migrate_sig_control.tcl

Magic 8.3 revision 50 - Compiled on Wed 09 Apr 2025 12:26:55 PM PDT.
Starting magic under Tcl interpreter
Using the terminal as the console.
Using NULL graphics device.
Processing system .magicrc file
Input style lambda=0.20(p): scaleFactor=20, multiplier=1
Contact size value ignored (using GDS generation rules).
Contact size value ignored (using GDS generation rules).
Contact size value ignored (using GDS generation rules).
Contact size value ignored (using GDS generation rules).
Contact size value ignored (using GDS generation rules).
Contact size value ignored (using GDS generation rules).
4 Magic internal units = 1 Lambda
Loading "migrate_sig_control.tcl" from command line.
Root cell box:
           width x height  (   llx,  lly  ), (   urx,  ury  )

microns:    0.00 x 0.00    (  0.00,  0.00 ), (  0.00,  0.00 )
lambda:     0.00 x 0.00    (  0.00,  0.00 ), (  0.00,  0.00 )
internal:      0 x 0       (     0,  0    ), (     0,  0    )
Reading LEF data from file /usr/local/share/qflow/tech/osu035/osu035_stdcells.lef.
This action cannot be undone.
LEF read, Line 16 (Message): Unknown keyword "OBS" in LEF file; ignoring.
LEF read, Line 17 (Message): Unknown keyword "PIN" in LEF file; ignoring.
LEF read: Processed 3179 lines.
Reading DEF data from file sig_control.def.
This action cannot be undone.
  Processed 3 vias total.
  Processed 52 subcell instances total.
  Processed 9 pins total.
  Processed 36 nets total.
DEF read, Line 557 (Warning): Number of nets read (7) does not match the number declared (8).
DEF read: Processed 558 lines.
DEF Read: encountered 1 warning total.
Generating LEF output sig_control.lef for cell sig_control:
Diagnostic:  Write LEF header for cell sig_control
Diagnostic:  Writing LEF output for cell sig_control
Diagnostic:  Scale value is 0.050000
Extracting NOR2X1 into NOR2X1.ext:
Completed 100%
Extracting AOI22X1 into AOI22X1.ext:
Completed 100%
Extracting AOI21X1 into AOI21X1.ext:
Completed 100%
Extracting NAND2X1 into NAND2X1.ext:
Completed 100%
Extracting OAI22X1 into OAI22X1.ext:
Completed 100%
Extracting INVX2 into INVX2.ext:
Completed 100%
Extracting AND2X2 into AND2X2.ext:
Completed 100%
Extracting INVX4 into INVX4.ext:
Completed 100%
Extracting INVX1 into INVX1.ext:
Completed 100%
Extracting BUFX2 into BUFX2.ext:
Completed 100%
Extracting FILL into FILL.ext:
Completed 100%
Extracting DFFSR into DFFSR.ext:
Completed 50%
Completed 75%
Completed 100%
Extracting sig_control into sig_control.ext:
Completed 7%
Completed 14%
Completed 21%
Completed 29%
Completed 36%
Completed 43%
Completed 50%
Completed 57%
Completed 64%
Completed 71%
Completed 79%
Completed 86%
Completed 93%
Completed 100%
exttospice finished.
Migration script ended on Wed 09 Apr 2025 11:27:23 PM PDT
