Qflow placement logfile created on Wed 09 Apr 2025 11:27:11 PM PDT
Running blif2cel to generate input files for graywolf
blif2cel.tcl --blif /home/robot/opensource/vsdflow/synthesis/sig_control.blif  --lef  /usr/local/share/qflow/tech/osu035/osu035_stdcells.lef --cel /home/robot/opensource/vsdflow/layout/sig_control.cel 
Opened BLIF file (/home/robot/opensource/vsdflow/synthesis/sig_control.blif) for reading ...
Opened CEL file (/home/robot/opensource/vsdflow/layout/sig_control.cel) for writing...
Loaded /usr/local/share/qflow/tech/osu035/osu035_stdcells.lef file for reading...
1st pass of blif file /home/robot/opensource/vsdflow/synthesis/sig_control.blif. . .
Reading macros and/or technology data from LEF file. . .
LEF file specifies route layer Y pitch as 2
LEF file specifies route layer X pitch as 1.6
Parsing macro AND2X2
Parsing macro AOI21X1
Parsing macro AOI22X1
Parsing macro BUFX2
Parsing macro INVX1
Parsing macro INVX2
Parsing macro INVX4
Parsing macro NAND2X1
Parsing macro NOR2X1
Parsing macro OAI22X1
Parsing macro DFFSR
2nd pass of blif file. . .
3rd pass of blif file. . .
Done!
No sig_control.cel1 file found for project. . . no partial blockages to apply to layout.
No sig_control.cel2 file found for project. . . continuing without pin placement hints
Running GrayWolf placement
graywolf  sig_control

twflow version:2.1 date:Mon May 25 21:15:08 EDT 1992
Authors: Bill Swartz, Carl Sechen
         Yale University

syntax version:v1.1 date:Mon May 25 21:11:10 EDT 1992
TimberWolf System Syntax Checker
Authors: Carl Sechen, Kai-Win Lee, Bill Swartz,
         Dahe Chen, and Jimmy Lam
         Yale University

No syntax errors were found

syntax terminated normally with no errors and 0 warning[s]


----------------------------
Total stdcells     :32
Total cell width   :3.76e+04
Total cell height  :6.40e+04
Total cell area    :7.52e+07
Total core area    :7.52e+07
Average cell height:2.00e+03


nocut - replacement for Mincut version:v1.0 date:Mon May 25 21:09:40 EDT 1992
TimberWolf System Floorplan Setup Program
Authors: Carl Sechen, Bill Swartz,
         Yale University

Splitting sig_control.cel into sig_control.scel and sig_control.mcel...
	done!


nocut - replacement for Mincut terminated normally with no errors and 0 warning[s]


TimberWolfMC version:v2.2 date:Mon May 25 21:18:34 EDT 1992
Authors: Carl Sechen, Bill Swartz, Kai-Win Lee
         Dahe Chen, and Jimmy Lam
         Yale University

config version:v1.0 date:Mon May 25 20:57:18 EDT 1992
Row configuration program
    Yale University


config switches:
	Graphics mode on
	config will inherit window



config terminated normally with no errors and 0 warning[s]


TimberWolfMC terminated normally with no errors and 0 warning[s]



TimberWolfSC switches:
	Graphics mode on
	TimberWolfSC will inherit window

TimberWolfSC version:v6.0 date:Mon May 25 21:19:07 EDT 1992
Row-Based Placement and Global Routing Program
Authors: Carl Sechen, Kai-Win Lee, and Bill Swartz,
         Yale University
  0 
  1   2   3   4   5   6   7   8   9  10  11  12  13  14  15 
 16  17  18  19  20  21  22  23  24  25  26  27  28  29  30 
 31  32  33  34  35  36  37  38  39  40  41  42  43  44  45 
 46  47  48  49  50  51  52  53  54  55  56  57  58  59  60 
 61  62  63  64  65  66  67  68  69  70  71  72  73  74  75 
 76  77  78  79  80  81  82  83  84  85  86  87  88  89  90 
 91  92  93  94  95  96  97  98  99 100 101 102 103 104 105 
106 107 108 109 110 111 112 113 114 115 116 117 118 119 120 
121 122 123 124 125 126 127 128 129 130 131 132 133 134 135 
136 137 138 139 140 141 142 143 144 145 146 147 148 149 150 
151 152 153 154 155 156 157 158 
 block left edge is at -399
 the longest block length is 15040
 building the steiner trees
 rebuilding the steiner tree

----start doing coarse global routing ------ 
 ITERATION  1

  longest Row is:1   Its length is:12640
 doing feed-through pins assignment
 building the net-tree now !
 set up the global routing grids
 the starting value of tracks =   21
 removing redundant feed-through pins
 the connectivity of all the nets is verified

 block left edge is at -399
 the longest block length is 15040
 building the steiner trees
 rebuilding the steiner tree

----start doing coarse global routing ------ 
 ITERATION  1

  longest Row is:1   Its length is:12640
 doing feed-through pins assignment
 building the net-tree now !
 set up the global routing grids
 the starting value of tracks =   22
 removing redundant feed-through pins
 the connectivity of all the nets is verified

 block left edge is at -399
 the longest block length is 15040
 building the steiner trees
 rebuilding the steiner tree

----start doing coarse global routing ------ 
 ITERATION  1

  longest Row is:1   Its length is:12640
 doing feed-through pins assignment
 building the net-tree now !
 set up the global routing grids
 the starting value of tracks =   22
 removing redundant feed-through pins
 the connectivity of all the nets is verified

 block left edge is at -399
 the longest block length is 15040
 building the steiner trees
 rebuilding the steiner tree

----start doing coarse global routing ------ 
 ITERATION  1

  longest Row is:1   Its length is:12640
 doing feed-through pins assignment
 building the net-tree now !
 set up the global routing grids
 the starting value of tracks =   23
 removing redundant feed-through pins
 the connectivity of all the nets is verified

 block left edge is at -399
 the longest block length is 15040
 building the steiner trees
 rebuilding the steiner tree

----start doing coarse global routing ------ 
 ITERATION  1

  longest Row is:1   Its length is:12640
 doing feed-through pins assignment
 building the net-tree now !
 set up the global routing grids
 the starting value of tracks =   23
 removing redundant feed-through pins
 the connectivity of all the nets is verified

 block left edge is at -399
 the longest block length is 15040
 building the steiner trees
 rebuilding the steiner tree

----start doing coarse global routing ------ 
 ITERATION  1

  longest Row is:1   Its length is:12640
 doing feed-through pins assignment
 building the net-tree now !
 set up the global routing grids
 the starting value of tracks =   25
 removing redundant feed-through pins
 the connectivity of all the nets is verified

 block left edge is at -399
 the longest block length is 15040
 building the steiner trees
 rebuilding the steiner tree

----start doing coarse global routing ------ 
 ITERATION  1

  longest Row is:1   Its length is:12640
 doing feed-through pins assignment
 building the net-tree now !
 set up the global routing grids
 the starting value of tracks =   23
 removing redundant feed-through pins
 the connectivity of all the nets is verified

 block left edge is at -399
 the longest block length is 15040
 building the steiner trees
 rebuilding the steiner tree

----start doing coarse global routing ------ 
 ITERATION  1

  longest Row is:1   Its length is:12640
 doing feed-through pins assignment
 building the net-tree now !
 set up the global routing grids
 the starting value of tracks =   22
 removing redundant feed-through pins
 the connectivity of all the nets is verified


***********************************************
*ACTUAL* FINAL NUMBER OF ROUTING TRACKS: 20
***********************************************


TimberWolfSC terminated normally with no errors and 0 warning[s]


twflow terminated normally with no errors and 0 warning[s]

Running getfillcell to determine cell to use for fill.
getfillcell.tcl sig_control  /usr/local/share/qflow/tech/osu035/osu035_stdcells.lef FILL
Using cell FILL for fill
Running place2def to translate graywolf output to DEF format.
place2def.tcl sig_control FILL 
Running place2def.tcl
DEF database: 100 units per micron
Limits: xbot = -750.0 ybot = -530.0 xtop = 12241 ytop = 6130.0
Core values: 80.0 100 12720.0 6100
Offsets: 80.0 100
4 routing layers
metal1: 35 vertical tracks from -4um with 2um pitch
metal2: 84 vertical tracks from -3.2um with 1.6um pitch
metal3: 35 vertical tracks from -4um with 2um pitch
metal4: 42 vertical tracks from -3.2um with 3.2um pitch
Summary: Total components = 32
  Fill cells  = 0
  Other cells = 32
Done with place2def.tcl
Running addspacers to generate power stripes and align cell right edge
addspacers.tcl  -stripe 5.0 150.0 PG sig_control  /usr/local/share/qflow/tech/osu035/osu035_stdcells.lef FILL
Reading FILL macros from LEF file.
Reading DEF file sig_control.def. . .
Number of rows is 3
Longest row has width 127.2 um
addspacers:  No room for stripes, pitch reduced from 14880.0 to 5472.0.
addspacers:  Inserting 2 stripes of width 4.8 um (5.0 um requested)
  Pitch 54.72 um, offset 35.2 um
stretch:  Number of components is 52
Analysis of DEF file:
Number of components = 32
New number of components = 52
Number of rows = 3
Adjusting obstructions for power striping
Done with addspacers.tcl
Running arrangepins to adjust pin positions for optimal routing.
arrangepins.tcl  sig_control
Reading info file sig_control.info. . .
Reading DEF file sig_control.def. . .
Recalculating pin positions
Writing DEF file sig_control_mod.def. . .
Done with arrangepins.tcl
blifanno.tcl /home/robot/opensource/vsdflow/synthesis/sig_control.blif sig_control.def /home/robot/opensource/vsdflow/synthesis/sig_control_anno.blif
Running blifanno.tcl
Reading DEF file sig_control.def. . .
Done with blifanno.tcl

Generating RTL verilog and SPICE netlist file in directory
   /home/robot/opensource/vsdflow/synthesis
Files:
   Verilog: /home/robot/opensource/vsdflow/synthesis/sig_control.rtl.v
   Verilog: /home/robot/opensource/vsdflow/synthesis/sig_control.rtlnopwr.v
   Verilog: /home/robot/opensource/vsdflow/synthesis/sig_control.rtlbb.v
   Spice:   /home/robot/opensource/vsdflow/synthesis/sig_control.spc

Running blif2Verilog.
Running blif2BSpice.
Placement script ended on Wed 09 Apr 2025 11:27:14 PM PDT
